{"/Users/callen/Documents/Checkpoint/spec/inverted-index-spec.js":{"path":"/Users/callen/Documents/Checkpoint/spec/inverted-index-spec.js","s":{"1":1,"2":1,"3":1,"4":1,"5":1,"6":1,"7":1,"8":1,"9":1,"10":1,"11":1,"12":1,"13":1,"14":1,"15":11,"16":1,"17":1,"18":1,"19":1,"20":1,"21":1,"22":1,"23":1,"24":1,"25":1,"26":1,"27":1,"28":1,"29":1,"30":1,"31":1,"32":1,"33":1,"34":1,"35":1,"36":1,"37":1,"38":1,"39":1,"40":1,"41":1,"42":1,"43":1,"44":1,"45":1,"46":1,"47":1,"48":1,"49":1},"b":{},"f":{},"fnMap":{},"statementMap":{"1":{"start":{"line":1,"column":0},"end":{"line":1,"column":63}},"2":{"start":{"line":2,"column":0},"end":{"line":2,"column":47}},"3":{"start":{"line":3,"column":0},"end":{"line":3,"column":25}},"4":{"start":{"line":4,"column":0},"end":{"line":4,"column":29}},"5":{"start":{"line":6,"column":0},"end":{"line":6,"column":68}},"6":{"start":{"line":9,"column":0},"end":{"line":76,"column":3}},"7":{"start":{"line":10,"column":2},"end":{"line":10,"column":44}},"8":{"start":{"line":11,"column":2},"end":{"line":11,"column":60}},"9":{"start":{"line":12,"column":2},"end":{"line":12,"column":21}},"10":{"start":{"line":13,"column":2},"end":{"line":13,"column":23}},"11":{"start":{"line":14,"column":2},"end":{"line":14,"column":29}},"12":{"start":{"line":15,"column":2},"end":{"line":15,"column":47}},"13":{"start":{"line":16,"column":2},"end":{"line":16,"column":37}},"14":{"start":{"line":18,"column":2},"end":{"line":21,"column":5}},"15":{"start":{"line":20,"column":4},"end":{"line":20,"column":34}},"16":{"start":{"line":24,"column":2},"end":{"line":26,"column":5}},"17":{"start":{"line":25,"column":4},"end":{"line":25,"column":61}},"18":{"start":{"line":28,"column":2},"end":{"line":30,"column":5}},"19":{"start":{"line":29,"column":4},"end":{"line":29,"column":63}},"20":{"start":{"line":32,"column":2},"end":{"line":51,"column":5}},"21":{"start":{"line":33,"column":4},"end":{"line":35,"column":7}},"22":{"start":{"line":34,"column":6},"end":{"line":34,"column":70}},"23":{"start":{"line":36,"column":4},"end":{"line":39,"column":7}},"24":{"start":{"line":37,"column":6},"end":{"line":37,"column":62}},"25":{"start":{"line":38,"column":6},"end":{"line":38,"column":68}},"26":{"start":{"line":40,"column":4},"end":{"line":42,"column":7}},"27":{"start":{"line":41,"column":6},"end":{"line":41,"column":68}},"28":{"start":{"line":43,"column":4},"end":{"line":46,"column":7}},"29":{"start":{"line":44,"column":6},"end":{"line":44,"column":66}},"30":{"start":{"line":45,"column":6},"end":{"line":45,"column":40}},"31":{"start":{"line":47,"column":4},"end":{"line":50,"column":7}},"32":{"start":{"line":48,"column":6},"end":{"line":48,"column":60}},"33":{"start":{"line":49,"column":6},"end":{"line":49,"column":38}},"34":{"start":{"line":53,"column":2},"end":{"line":62,"column":5}},"35":{"start":{"line":54,"column":4},"end":{"line":56,"column":7}},"36":{"start":{"line":55,"column":6},"end":{"line":55,"column":58}},"37":{"start":{"line":57,"column":4},"end":{"line":61,"column":7}},"38":{"start":{"line":58,"column":6},"end":{"line":58,"column":48}},"39":{"start":{"line":59,"column":6},"end":{"line":59,"column":38}},"40":{"start":{"line":60,"column":6},"end":{"line":60,"column":62}},"41":{"start":{"line":64,"column":2},"end":{"line":75,"column":5}},"42":{"start":{"line":65,"column":4},"end":{"line":69,"column":7}},"43":{"start":{"line":66,"column":6},"end":{"line":66,"column":48}},"44":{"start":{"line":67,"column":6},"end":{"line":67,"column":38}},"45":{"start":{"line":68,"column":6},"end":{"line":68,"column":79}},"46":{"start":{"line":70,"column":4},"end":{"line":74,"column":7}},"47":{"start":{"line":71,"column":6},"end":{"line":71,"column":48}},"48":{"start":{"line":72,"column":6},"end":{"line":72,"column":38}},"49":{"start":{"line":73,"column":6},"end":{"line":73,"column":82}}},"branchMap":{}},"/Users/callen/Documents/Checkpoint/spec/inverted-index-helper.js":{"path":"/Users/callen/Documents/Checkpoint/spec/inverted-index-helper.js","s":{"1":10,"2":10,"3":10,"4":170,"5":138,"6":10,"7":5,"8":1,"9":4,"10":4,"11":0,"12":1},"b":{"1":[138,32],"2":[1,4],"3":[4,0]},"f":{"1":10,"2":5},"fnMap":{"1":{"name":"(anonymous_1)","line":2,"loc":{"start":{"line":2,"column":17},"end":{"line":2,"column":25}}},"2":{"name":"(anonymous_2)","line":15,"loc":{"start":{"line":15,"column":21},"end":{"line":15,"column":28}}}},"statementMap":{"1":{"start":{"line":3,"column":4},"end":{"line":3,"column":31}},"2":{"start":{"line":4,"column":4},"end":{"line":6,"column":25}},"3":{"start":{"line":7,"column":4},"end":{"line":11,"column":5}},"4":{"start":{"line":8,"column":6},"end":{"line":10,"column":7}},"5":{"start":{"line":9,"column":8},"end":{"line":9,"column":48}},"6":{"start":{"line":12,"column":4},"end":{"line":12,"column":27}},"7":{"start":{"line":16,"column":4},"end":{"line":20,"column":5}},"8":{"start":{"line":17,"column":6},"end":{"line":17,"column":19}},"9":{"start":{"line":18,"column":11},"end":{"line":20,"column":5}},"10":{"start":{"line":19,"column":6},"end":{"line":19,"column":19}},"11":{"start":{"line":21,"column":4},"end":{"line":21,"column":16}},"12":{"start":{"line":25,"column":0},"end":{"line":25,"column":37}}},"branchMap":{"1":{"line":8,"type":"if","locations":[{"start":{"line":8,"column":6},"end":{"line":8,"column":6}},{"start":{"line":8,"column":6},"end":{"line":8,"column":6}}]},"2":{"line":16,"type":"if","locations":[{"start":{"line":16,"column":4},"end":{"line":16,"column":4}},{"start":{"line":16,"column":4},"end":{"line":16,"column":4}}]},"3":{"line":18,"type":"if","locations":[{"start":{"line":18,"column":11},"end":{"line":18,"column":11}},{"start":{"line":18,"column":11},"end":{"line":18,"column":11}}]}}},"/Users/callen/Documents/Checkpoint/spec/inverted-index.js":{"path":"/Users/callen/Documents/Checkpoint/spec/inverted-index.js","s":{"1":1,"2":1,"3":1,"4":6,"5":6,"6":6,"7":4,"8":8,"9":8,"10":136,"11":12,"12":124,"13":4,"14":2,"15":1,"16":2,"17":2,"18":2,"19":2,"20":2,"21":2,"22":1,"23":1,"24":2,"25":1},"b":{"1":[6,0],"2":[4,2],"3":[12,124],"4":[4,0],"5":[2,0],"6":[1,1]},"f":{"1":1,"2":6,"3":1,"4":2},"fnMap":{"1":{"name":"(anonymous_1)","line":2,"loc":{"start":{"line":2,"column":13},"end":{"line":2,"column":35}}},"2":{"name":"(anonymous_2)","line":13,"loc":{"start":{"line":13,"column":13},"end":{"line":13,"column":24}}},"3":{"name":"(anonymous_3)","line":35,"loc":{"start":{"line":35,"column":10},"end":{"line":35,"column":21}}},"4":{"name":"(anonymous_4)","line":40,"loc":{"start":{"line":40,"column":13},"end":{"line":40,"column":31}}}},"statementMap":{"1":{"start":{"line":3,"column":4},"end":{"line":3,"column":51}},"2":{"start":{"line":4,"column":4},"end":{"line":6,"column":6}},"3":{"start":{"line":7,"column":4},"end":{"line":9,"column":6}},"4":{"start":{"line":14,"column":4},"end":{"line":14,"column":21}},"5":{"start":{"line":15,"column":4},"end":{"line":15,"column":78}},"6":{"start":{"line":17,"column":4},"end":{"line":32,"column":5}},"7":{"start":{"line":18,"column":6},"end":{"line":28,"column":9}},"8":{"start":{"line":19,"column":8},"end":{"line":19,"column":105}},"9":{"start":{"line":20,"column":8},"end":{"line":27,"column":11}},"10":{"start":{"line":21,"column":10},"end":{"line":26,"column":11}},"11":{"start":{"line":22,"column":12},"end":{"line":22,"column":39}},"12":{"start":{"line":25,"column":12},"end":{"line":25,"column":37}},"13":{"start":{"line":29,"column":6},"end":{"line":29,"column":64}},"14":{"start":{"line":31,"column":6},"end":{"line":31,"column":19}},"15":{"start":{"line":36,"column":4},"end":{"line":36,"column":37}},"16":{"start":{"line":41,"column":4},"end":{"line":41,"column":28}},"17":{"start":{"line":42,"column":4},"end":{"line":42,"column":68}},"18":{"start":{"line":44,"column":4},"end":{"line":44,"column":72}},"19":{"start":{"line":46,"column":4},"end":{"line":46,"column":48}},"20":{"start":{"line":47,"column":4},"end":{"line":53,"column":7}},"21":{"start":{"line":48,"column":6},"end":{"line":52,"column":7}},"22":{"start":{"line":49,"column":8},"end":{"line":49,"column":45}},"23":{"start":{"line":51,"column":8},"end":{"line":51,"column":32}},"24":{"start":{"line":54,"column":4},"end":{"line":54,"column":24}},"25":{"start":{"line":58,"column":0},"end":{"line":58,"column":31}}},"branchMap":{"1":{"line":15,"type":"cond-expr","locations":[{"start":{"line":15,"column":35},"end":{"line":15,"column":55}},{"start":{"line":15,"column":58},"end":{"line":15,"column":77}}]},"2":{"line":17,"type":"if","locations":[{"start":{"line":17,"column":4},"end":{"line":17,"column":4}},{"start":{"line":17,"column":4},"end":{"line":17,"column":4}}]},"3":{"line":21,"type":"if","locations":[{"start":{"line":21,"column":10},"end":{"line":21,"column":10}},{"start":{"line":21,"column":10},"end":{"line":21,"column":10}}]},"4":{"line":29,"type":"cond-expr","locations":[{"start":{"line":29,"column":33},"end":{"line":29,"column":41}},{"start":{"line":29,"column":44},"end":{"line":29,"column":54}}]},"5":{"line":44,"type":"cond-expr","locations":[{"start":{"line":44,"column":49},"end":{"line":44,"column":57}},{"start":{"line":44,"column":60},"end":{"line":44,"column":70}}]},"6":{"line":48,"type":"if","locations":[{"start":{"line":48,"column":6},"end":{"line":48,"column":6}},{"start":{"line":48,"column":6},"end":{"line":48,"column":6}}]}}}}