{"/Users/callen/Documents/Checkpoint/spec/inverted-index-spec.js":{"path":"/Users/callen/Documents/Checkpoint/spec/inverted-index-spec.js","s":{"1":1,"2":1,"3":1,"4":1,"5":1,"6":1,"7":1,"8":1,"9":1,"10":1,"11":1,"12":1,"13":1,"14":1,"15":1,"16":8,"17":1,"18":1,"19":1,"20":1,"21":1,"22":1,"23":1,"24":1,"25":1,"26":1,"27":1,"28":1,"29":1,"30":1,"31":1,"32":1,"33":1,"34":1,"35":1,"36":1,"37":1},"b":{},"f":{},"fnMap":{},"statementMap":{"1":{"start":{"line":1,"column":0},"end":{"line":1,"column":68}},"2":{"start":{"line":2,"column":0},"end":{"line":2,"column":52}},"3":{"start":{"line":3,"column":0},"end":{"line":3,"column":25}},"4":{"start":{"line":4,"column":0},"end":{"line":4,"column":29}},"5":{"start":{"line":6,"column":0},"end":{"line":6,"column":39}},"6":{"start":{"line":8,"column":0},"end":{"line":8,"column":68}},"7":{"start":{"line":11,"column":0},"end":{"line":11,"column":53}},"8":{"start":{"line":13,"column":0},"end":{"line":65,"column":3}},"9":{"start":{"line":14,"column":2},"end":{"line":14,"column":44}},"10":{"start":{"line":15,"column":2},"end":{"line":15,"column":33}},"11":{"start":{"line":16,"column":2},"end":{"line":16,"column":21}},"12":{"start":{"line":17,"column":2},"end":{"line":17,"column":23}},"13":{"start":{"line":18,"column":2},"end":{"line":18,"column":29}},"14":{"start":{"line":19,"column":2},"end":{"line":19,"column":23}},"15":{"start":{"line":21,"column":2},"end":{"line":23,"column":5}},"16":{"start":{"line":22,"column":4},"end":{"line":22,"column":34}},"17":{"start":{"line":26,"column":2},"end":{"line":29,"column":5}},"18":{"start":{"line":28,"column":4},"end":{"line":28,"column":61}},"19":{"start":{"line":31,"column":2},"end":{"line":33,"column":5}},"20":{"start":{"line":32,"column":4},"end":{"line":32,"column":63}},"21":{"start":{"line":35,"column":2},"end":{"line":55,"column":5}},"22":{"start":{"line":36,"column":4},"end":{"line":38,"column":7}},"23":{"start":{"line":37,"column":6},"end":{"line":37,"column":70}},"24":{"start":{"line":39,"column":4},"end":{"line":42,"column":7}},"25":{"start":{"line":40,"column":6},"end":{"line":40,"column":62}},"26":{"start":{"line":41,"column":6},"end":{"line":41,"column":68}},"27":{"start":{"line":43,"column":4},"end":{"line":45,"column":7}},"28":{"start":{"line":44,"column":6},"end":{"line":44,"column":68}},"29":{"start":{"line":46,"column":4},"end":{"line":49,"column":7}},"30":{"start":{"line":47,"column":6},"end":{"line":47,"column":66}},"31":{"start":{"line":48,"column":6},"end":{"line":48,"column":40}},"32":{"start":{"line":50,"column":4},"end":{"line":54,"column":7}},"33":{"start":{"line":51,"column":6},"end":{"line":51,"column":58}},"34":{"start":{"line":52,"column":6},"end":{"line":52,"column":59}},"35":{"start":{"line":53,"column":6},"end":{"line":53,"column":39}},"36":{"start":{"line":57,"column":2},"end":{"line":64,"column":5}},"37":{"start":{"line":58,"column":4},"end":{"line":60,"column":7}}},"branchMap":{}},"/Users/callen/Documents/Checkpoint/src/inverted-index-helper.js":{"path":"/Users/callen/Documents/Checkpoint/src/inverted-index-helper.js","s":{"1":0,"2":0,"3":0,"4":0,"5":0,"6":0,"7":5,"8":1,"9":4,"10":4,"11":0,"12":1},"b":{"1":[0,0],"2":[1,4],"3":[4,0]},"f":{"1":0,"2":5},"fnMap":{"1":{"name":"(anonymous_1)","line":2,"loc":{"start":{"line":2,"column":17},"end":{"line":2,"column":25}}},"2":{"name":"(anonymous_2)","line":15,"loc":{"start":{"line":15,"column":21},"end":{"line":15,"column":28}}}},"statementMap":{"1":{"start":{"line":3,"column":4},"end":{"line":3,"column":31}},"2":{"start":{"line":4,"column":4},"end":{"line":6,"column":25}},"3":{"start":{"line":7,"column":4},"end":{"line":11,"column":5}},"4":{"start":{"line":8,"column":6},"end":{"line":10,"column":7}},"5":{"start":{"line":9,"column":8},"end":{"line":9,"column":48}},"6":{"start":{"line":12,"column":4},"end":{"line":12,"column":27}},"7":{"start":{"line":16,"column":4},"end":{"line":20,"column":5}},"8":{"start":{"line":17,"column":6},"end":{"line":17,"column":19}},"9":{"start":{"line":18,"column":11},"end":{"line":20,"column":5}},"10":{"start":{"line":19,"column":6},"end":{"line":19,"column":19}},"11":{"start":{"line":21,"column":4},"end":{"line":21,"column":16}},"12":{"start":{"line":26,"column":0},"end":{"line":26,"column":37}}},"branchMap":{"1":{"line":8,"type":"if","locations":[{"start":{"line":8,"column":6},"end":{"line":8,"column":6}},{"start":{"line":8,"column":6},"end":{"line":8,"column":6}}]},"2":{"line":16,"type":"if","locations":[{"start":{"line":16,"column":4},"end":{"line":16,"column":4}},{"start":{"line":16,"column":4},"end":{"line":16,"column":4}}]},"3":{"line":18,"type":"if","locations":[{"start":{"line":18,"column":11},"end":{"line":18,"column":11}},{"start":{"line":18,"column":11},"end":{"line":18,"column":11}}]}}},"/Users/callen/Documents/Checkpoint/src/inverted-index.js":{"path":"/Users/callen/Documents/Checkpoint/src/inverted-index.js","s":{"1":2,"2":2,"3":2,"4":2,"5":2,"6":0,"7":0,"8":0,"9":0,"10":0,"11":0,"12":0,"13":2,"14":0,"15":0,"16":0,"17":0,"18":0,"19":0,"20":0,"21":0,"22":0,"23":0,"24":1},"b":{"1":[2,0],"2":[0,2],"3":[0,0],"4":[0,0],"5":[0,0],"6":[0,0]},"f":{"1":2,"2":2,"3":0,"4":0},"fnMap":{"1":{"name":"(anonymous_1)","line":2,"loc":{"start":{"line":2,"column":13},"end":{"line":2,"column":16}}},"2":{"name":"(anonymous_2)","line":12,"loc":{"start":{"line":12,"column":13},"end":{"line":12,"column":24}}},"3":{"name":"(anonymous_3)","line":33,"loc":{"start":{"line":33,"column":10},"end":{"line":33,"column":21}}},"4":{"name":"(anonymous_4)","line":38,"loc":{"start":{"line":38,"column":13},"end":{"line":38,"column":31}}}},"statementMap":{"1":{"start":{"line":3,"column":4},"end":{"line":5,"column":6}},"2":{"start":{"line":6,"column":4},"end":{"line":8,"column":6}},"3":{"start":{"line":13,"column":4},"end":{"line":13,"column":21}},"4":{"start":{"line":14,"column":4},"end":{"line":14,"column":78}},"5":{"start":{"line":15,"column":4},"end":{"line":30,"column":5}},"6":{"start":{"line":16,"column":6},"end":{"line":26,"column":9}},"7":{"start":{"line":17,"column":8},"end":{"line":17,"column":100}},"8":{"start":{"line":18,"column":8},"end":{"line":25,"column":11}},"9":{"start":{"line":19,"column":10},"end":{"line":24,"column":11}},"10":{"start":{"line":20,"column":12},"end":{"line":20,"column":39}},"11":{"start":{"line":23,"column":12},"end":{"line":23,"column":37}},"12":{"start":{"line":27,"column":6},"end":{"line":27,"column":64}},"13":{"start":{"line":29,"column":6},"end":{"line":29,"column":19}},"14":{"start":{"line":34,"column":4},"end":{"line":34,"column":37}},"15":{"start":{"line":39,"column":4},"end":{"line":39,"column":28}},"16":{"start":{"line":40,"column":4},"end":{"line":40,"column":63}},"17":{"start":{"line":42,"column":4},"end":{"line":42,"column":72}},"18":{"start":{"line":43,"column":4},"end":{"line":43,"column":48}},"19":{"start":{"line":44,"column":4},"end":{"line":50,"column":7}},"20":{"start":{"line":45,"column":6},"end":{"line":49,"column":7}},"21":{"start":{"line":46,"column":8},"end":{"line":46,"column":45}},"22":{"start":{"line":48,"column":8},"end":{"line":48,"column":32}},"23":{"start":{"line":51,"column":4},"end":{"line":51,"column":24}},"24":{"start":{"line":56,"column":0},"end":{"line":56,"column":31}}},"branchMap":{"1":{"line":14,"type":"cond-expr","locations":[{"start":{"line":14,"column":35},"end":{"line":14,"column":55}},{"start":{"line":14,"column":58},"end":{"line":14,"column":77}}]},"2":{"line":15,"type":"if","locations":[{"start":{"line":15,"column":4},"end":{"line":15,"column":4}},{"start":{"line":15,"column":4},"end":{"line":15,"column":4}}]},"3":{"line":19,"type":"if","locations":[{"start":{"line":19,"column":10},"end":{"line":19,"column":10}},{"start":{"line":19,"column":10},"end":{"line":19,"column":10}}]},"4":{"line":27,"type":"cond-expr","locations":[{"start":{"line":27,"column":33},"end":{"line":27,"column":41}},{"start":{"line":27,"column":44},"end":{"line":27,"column":54}}]},"5":{"line":42,"type":"cond-expr","locations":[{"start":{"line":42,"column":49},"end":{"line":42,"column":57}},{"start":{"line":42,"column":60},"end":{"line":42,"column":70}}]},"6":{"line":45,"type":"if","locations":[{"start":{"line":45,"column":6},"end":{"line":45,"column":6}},{"start":{"line":45,"column":6},"end":{"line":45,"column":6}}]}}}}