TN:
SF:/Users/callen/Documents/Checkpoint/spec/inverted-index-spec.js
FNF:0
FNH:0
DA:1,1
DA:2,1
DA:3,1
DA:4,1
DA:6,1
DA:8,1
DA:11,1
DA:13,1
DA:14,1
DA:15,1
DA:16,1
DA:17,1
DA:18,1
DA:19,1
DA:21,1
DA:22,8
DA:26,1
DA:28,1
DA:31,1
DA:32,1
DA:35,1
DA:36,1
DA:37,1
DA:39,1
DA:40,1
DA:41,1
DA:43,1
DA:44,1
DA:46,1
DA:47,1
DA:48,1
DA:50,1
DA:51,1
DA:52,1
DA:53,1
DA:57,1
DA:58,1
LF:37
LH:37
BRF:0
BRH:0
end_of_record
TN:
SF:/Users/callen/Documents/Checkpoint/src/inverted-index-helper.js
FN:2,(anonymous_1)
FN:15,(anonymous_2)
FNF:2
FNH:1
FNDA:0,(anonymous_1)
FNDA:5,(anonymous_2)
DA:3,0
DA:4,0
DA:7,0
DA:8,0
DA:9,0
DA:12,0
DA:16,5
DA:17,1
DA:18,4
DA:19,4
DA:21,0
DA:26,1
LF:12
LH:5
BRDA:8,1,0,0
BRDA:8,1,1,0
BRDA:16,2,0,1
BRDA:16,2,1,4
BRDA:18,3,0,4
BRDA:18,3,1,0
BRF:6
BRH:3
end_of_record
TN:
SF:/Users/callen/Documents/Checkpoint/src/inverted-index.js
FN:2,(anonymous_1)
FN:12,(anonymous_2)
FN:33,(anonymous_3)
FN:38,(anonymous_4)
FNF:4
FNH:2
FNDA:2,(anonymous_1)
FNDA:2,(anonymous_2)
FNDA:0,(anonymous_3)
FNDA:0,(anonymous_4)
DA:3,2
DA:6,2
DA:13,2
DA:14,2
DA:15,2
DA:16,0
DA:17,0
DA:18,0
DA:19,0
DA:20,0
DA:23,0
DA:27,0
DA:29,2
DA:34,0
DA:39,0
DA:40,0
DA:42,0
DA:43,0
DA:44,0
DA:45,0
DA:46,0
DA:48,0
DA:51,0
DA:56,1
LF:24
LH:7
BRDA:14,1,0,2
BRDA:14,1,1,0
BRDA:15,2,0,0
BRDA:15,2,1,2
BRDA:19,3,0,0
BRDA:19,3,1,0
BRDA:27,4,0,0
BRDA:27,4,1,0
BRDA:42,5,0,0
BRDA:42,5,1,0
BRDA:45,6,0,0
BRDA:45,6,1,0
BRF:12
BRH:2
end_of_record
