TN:
SF:/Users/callen/Documents/Checkpoint/spec/inverted-index-spec.js
FNF:0
FNH:0
DA:1,1
DA:2,1
DA:3,1
DA:4,1
DA:6,1
DA:9,1
DA:10,1
DA:11,1
DA:12,1
DA:13,1
DA:14,1
DA:15,1
DA:16,1
DA:18,1
DA:20,11
DA:24,1
DA:25,1
DA:28,1
DA:29,1
DA:32,1
DA:33,1
DA:34,1
DA:36,1
DA:37,1
DA:38,1
DA:40,1
DA:41,1
DA:43,1
DA:44,1
DA:45,1
DA:47,1
DA:48,1
DA:49,1
DA:53,1
DA:54,1
DA:55,1
DA:57,1
DA:58,1
DA:59,1
DA:60,1
DA:64,1
DA:65,1
DA:66,1
DA:67,1
DA:68,1
DA:70,1
DA:71,1
DA:72,1
DA:73,1
LF:49
LH:49
BRF:0
BRH:0
end_of_record
TN:
SF:/Users/callen/Documents/Checkpoint/spec/inverted-index-helper.js
FN:2,(anonymous_1)
FN:15,(anonymous_2)
FNF:2
FNH:2
FNDA:10,(anonymous_1)
FNDA:5,(anonymous_2)
DA:3,10
DA:4,10
DA:7,10
DA:8,170
DA:9,138
DA:12,10
DA:16,5
DA:17,1
DA:18,4
DA:19,4
DA:21,0
DA:25,1
LF:12
LH:11
BRDA:8,1,0,138
BRDA:8,1,1,32
BRDA:16,2,0,1
BRDA:16,2,1,4
BRDA:18,3,0,4
BRDA:18,3,1,0
BRF:6
BRH:5
end_of_record
TN:
SF:/Users/callen/Documents/Checkpoint/spec/inverted-index.js
FN:2,(anonymous_1)
FN:13,(anonymous_2)
FN:35,(anonymous_3)
FN:40,(anonymous_4)
FNF:4
FNH:4
FNDA:1,(anonymous_1)
FNDA:6,(anonymous_2)
FNDA:1,(anonymous_3)
FNDA:2,(anonymous_4)
DA:3,1
DA:4,1
DA:7,1
DA:14,6
DA:15,6
DA:17,6
DA:18,4
DA:19,8
DA:20,8
DA:21,136
DA:22,12
DA:25,124
DA:29,4
DA:31,2
DA:36,1
DA:41,2
DA:42,2
DA:44,2
DA:46,2
DA:47,2
DA:48,2
DA:49,1
DA:51,1
DA:54,2
DA:58,1
LF:25
LH:25
BRDA:15,1,0,6
BRDA:15,1,1,0
BRDA:17,2,0,4
BRDA:17,2,1,2
BRDA:21,3,0,12
BRDA:21,3,1,124
BRDA:29,4,0,4
BRDA:29,4,1,0
BRDA:44,5,0,2
BRDA:44,5,1,0
BRDA:48,6,0,1
BRDA:48,6,1,1
BRF:12
BRH:9
end_of_record
